[debug] [2024-07-27T22:09:46.504Z] ----------------------------------------------------------------------
[debug] [2024-07-27T22:09:46.506Z] Command:       /usr/local/bin/node /usr/local/bin/firebase init
[debug] [2024-07-27T22:09:46.506Z] CLI Version:   11.24.0
[debug] [2024-07-27T22:09:46.506Z] Platform:      darwin
[debug] [2024-07-27T22:09:46.506Z] Node Version:  v18.14.0
[debug] [2024-07-27T22:09:46.507Z] Time:          Sun Jul 28 2024 03:39:46 GMT+0530 (India Standard Time)
[debug] [2024-07-27T22:09:46.507Z] ----------------------------------------------------------------------
[debug] 
[debug] [2024-07-27T22:09:46.512Z] > command requires scopes: ["email","openid","https://www.googleapis.com/auth/cloudplatformprojects.readonly","https://www.googleapis.com/auth/firebase","https://www.googleapis.com/auth/cloud-platform"]
[debug] [2024-07-27T22:09:46.512Z] > authorizing via signed-in user (manish0396@gmail.com)
[info] 
     ######## #### ########  ######## ########     ###     ######  ########
     ##        ##  ##     ## ##       ##     ##  ##   ##  ##       ##
     ######    ##  ########  ######   ########  #########  ######  ######
     ##        ##  ##    ##  ##       ##     ## ##     ##       ## ##
     ##       #### ##     ## ######## ########  ##     ##  ######  ########

You're about to initialize a Firebase project in this directory:

  /Users/manishgoyal/Documents/reacyProjects/youtube-search

[info] 
=== Project Setup
[info] 
[info] First, let's associate this project directory with a Firebase project.
[info] You can create multiple project aliases by running firebase use --add, 
[info] but for now we'll just set up a default project.
[info] 
[debug] [2024-07-27T22:09:51.123Z] >>> [apiv2][query] GET https://firebase.googleapis.com/v1beta1/projects pageSize=100
[debug] [2024-07-27T22:09:52.142Z] <<< [apiv2][status] GET https://firebase.googleapis.com/v1beta1/projects 200
[debug] [2024-07-27T22:09:52.143Z] <<< [apiv2][body] GET https://firebase.googleapis.com/v1beta1/projects [omitted]
[info] i  Using project search-ed872 (youtube-search) 
[info] 
=== Hosting Setup
[info] 
[info] Your public directory is the folder (relative to your project directory) that
[info] will contain Hosting assets to be uploaded with firebase deploy. If you
[info] have a build process for your assets, use your build's output directory.
[info] 
[debug] [2024-07-27T22:10:53.395Z] >>> [apiv2][query] GET https://www.gstatic.com/firebasejs/releases.json [none]
[debug] [2024-07-27T22:10:53.637Z] <<< [apiv2][status] GET https://www.gstatic.com/firebasejs/releases.json 200
[debug] [2024-07-27T22:10:53.637Z] <<< [apiv2][body] GET https://www.gstatic.com/firebasejs/releases.json {"current":{"version":"10.12.4","browserURL":"https://www.gstatic.com/firebasejs/10.12.4/firebase.js","packageURL":"https://www.gstatic.com/firebasejs/10.12.4/firebase.tgz"},"live":{"version":"10.12","browserURL":"https://www.gstatic.com/firebasejs/live/10.12/firebase.js","packageURL":"https://www.gstatic.com/firebasejs/live/10.12/firebase.tgz"},"components":{"analytics":"https://www.gstatic.com/firebasejs/10.12.4/firebase-analytics.js","app":"https://www.gstatic.com/firebasejs/10.12.4/firebase-app.js","app-check":"https://www.gstatic.com/firebasejs/10.12.4/firebase-app-check.js","auth":"https://www.gstatic.com/firebasejs/10.12.4/firebase-auth.js","auth/cordova":"https://www.gstatic.com/firebasejs/10.12.4/firebase-auth/cordova.js","auth/web-extension":"https://www.gstatic.com/firebasejs/10.12.4/firebase-auth/web-extension.js","functions":"https://www.gstatic.com/firebasejs/10.12.4/firebase-functions.js","firestore":"https://www.gstatic.com/firebasejs/10.12.4/firebase-firestore.js","firestore/lite":"https://www.gstatic.com/firebasejs/10.12.4/firebase-firestore/lite.js","installations":"https://www.gstatic.com/firebasejs/10.12.4/firebase-installations.js","storage":"https://www.gstatic.com/firebasejs/10.12.4/firebase-storage.js","performance":"https://www.gstatic.com/firebasejs/10.12.4/firebase-performance.js","remote-config":"https://www.gstatic.com/firebasejs/10.12.4/firebase-remote-config.js","messaging":"https://www.gstatic.com/firebasejs/10.12.4/firebase-messaging.js","messaging/sw":"https://www.gstatic.com/firebasejs/10.12.4/firebase-messaging/sw.js","database":"https://www.gstatic.com/firebasejs/10.12.4/firebase-database.js","vertexai-preview":"https://www.gstatic.com/firebasejs/10.12.4/firebase-vertexai-preview.js","firestore.memory":"https://www.gstatic.com/firebasejs/10.12.4/firebase-firestore.memory.js"}}
[info] i  Skipping write of public/index.html 
[info] 
[info] i  Didn't detect a .git folder. Assuming /Users/manishgoyal/Documents/reacyProjects/youtube-search is the project root. 
[info] i  Authorizing with GitHub to upload your service account to a GitHub repository's secrets store. 
[info] 
[info] Visit this URL on this device to log in:
[info] https://github.com/login/oauth/authorize?client_id=89cf50f02ac6aaed3484&state=634258648&redirect_uri=http%3A%2F%2Flocalhost%3A9005&scope=read%3Auser%20repo%20public_repo
[info] 
[info] Waiting for authentication...
[debug] [2024-07-27T22:11:34.456Z] >>> [apiv2][query] POST https://github.com/login/oauth/access_token [none]
[debug] [2024-07-27T22:11:34.456Z] >>> [apiv2][body] POST https://github.com/login/oauth/access_token [stream]
[debug] [2024-07-27T22:11:34.890Z] <<< [apiv2][status] POST https://github.com/login/oauth/access_token 200
[debug] [2024-07-27T22:11:34.890Z] <<< [apiv2][body] POST https://github.com/login/oauth/access_token {"access_token":"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","token_type":"bearer","scope":"read:user,repo"}
[debug] [2024-07-27T22:11:34.900Z] >>> [apiv2][query] GET https://api.github.com/user [none]
[debug] [2024-07-27T22:11:35.324Z] <<< [apiv2][status] GET https://api.github.com/user 200
[debug] [2024-07-27T22:11:35.324Z] <<< [apiv2][body] GET https://api.github.com/user {"login":"cleverprogrammer96","id":43664111,"node_id":"MDQ6VXNlcjQzNjY0MTEx","avatar_url":"https://avatars.githubusercontent.com/u/43664111?v=4","gravatar_id":"","url":"https://api.github.com/users/cleverprogrammer96","html_url":"https://github.com/cleverprogrammer96","followers_url":"https://api.github.com/users/cleverprogrammer96/followers","following_url":"https://api.github.com/users/cleverprogrammer96/following{/other_user}","gists_url":"https://api.github.com/users/cleverprogrammer96/gists{/gist_id}","starred_url":"https://api.github.com/users/cleverprogrammer96/starred{/owner}{/repo}","subscriptions_url":"https://api.github.com/users/cleverprogrammer96/subscriptions","organizations_url":"https://api.github.com/users/cleverprogrammer96/orgs","repos_url":"https://api.github.com/users/cleverprogrammer96/repos","events_url":"https://api.github.com/users/cleverprogrammer96/events{/privacy}","received_events_url":"https://api.github.com/users/cleverprogrammer96/received_events","type":"User","site_admin":false,"name":null,"company":null,"blog":"","location":null,"email":null,"hireable":null,"bio":null,"twitter_username":null,"public_repos":13,"public_gists":1,"followers":4,"following":2,"created_at":"2018-09-28T05:24:00Z","updated_at":"2024-07-26T20:16:21Z","private_gists":0,"total_private_repos":1,"owned_private_repos":1,"disk_usage":26658,"collaborators":1,"two_factor_authentication":true,"plan":{"name":"free","space":976562499,"collaborators":0,"private_repos":10000}}
[info] 
[info] ✔  Success! Logged into GitHub as cleverprogrammer96 
[info] 
[debug] [2024-07-27T22:11:45.514Z] >>> [apiv2][query] GET https://api.github.com/repos/n/actions/secrets/public-key type=owner
[debug] [2024-07-27T22:11:45.993Z] <<< [apiv2][status] GET https://api.github.com/repos/n/actions/secrets/public-key 404
[debug] [2024-07-27T22:11:45.993Z] <<< [apiv2][body] GET https://api.github.com/repos/n/actions/secrets/public-key {"message":"Not Found","documentation_url":"https://docs.github.com/rest","status":"404"}
[debug] [2024-07-27T22:11:46.813Z] >>> [apiv2][query] GET https://api.github.com/repos/n/actions/secrets/public-key type=owner
[debug] [2024-07-27T22:11:47.220Z] <<< [apiv2][status] GET https://api.github.com/repos/n/actions/secrets/public-key 404
[debug] [2024-07-27T22:11:47.220Z] <<< [apiv2][body] GET https://api.github.com/repos/n/actions/secrets/public-key {"message":"Not Found","documentation_url":"https://docs.github.com/rest","status":"404"}
